This is pdfTeX, Version 3.141592653-2.6-1.40.25 (TeX Live 2023) (preloaded format=pdflatex 2023.5.28)  13 OCT 2023 23:15
entering extended mode
 restricted \write18 enabled.
 %&-line parsing enabled.
**HW_lecture2.tex
(./HW_lecture2.tex
LaTeX2e <2022-11-01> patch level 1
L3 programming layer <2023-02-22>
(e:/WorkWare/texlive/2023/texmf-dist/tex/latex/base/article.cls
Document Class: article 2022/07/02 v1.4n Standard LaTeX document class
(e:/WorkWare/texlive/2023/texmf-dist/tex/latex/base/size11.clo
File: size11.clo 2022/07/02 v1.4n Standard LaTeX file (size option)
)
\c@part=\count185
\c@section=\count186
\c@subsection=\count187
\c@subsubsection=\count188
\c@paragraph=\count189
\c@subparagraph=\count190
\c@figure=\count191
\c@table=\count192
\abovecaptionskip=\skip48
\belowcaptionskip=\skip49
\bibindent=\dimen140
)
(e:/WorkWare/texlive/2023/texmf-dist/tex/latex/fancyhdr/fancyhdr.sty
Package: fancyhdr 2022/11/09 v4.1 Extensive control of page headers and footers

\f@nch@headwidth=\skip50
\f@nch@O@elh=\skip51
\f@nch@O@erh=\skip52
\f@nch@O@olh=\skip53
\f@nch@O@orh=\skip54
\f@nch@O@elf=\skip55
\f@nch@O@erf=\skip56
\f@nch@O@olf=\skip57
\f@nch@O@orf=\skip58
)
(e:/WorkWare/texlive/2023/texmf-dist/tex/latex/tools/multicol.sty
Package: multicol 2021/11/30 v1.9d multicolumn formatting (FMi)
\c@tracingmulticols=\count193
\mult@box=\box51
\multicol@leftmargin=\dimen141
\c@unbalance=\count194
\c@collectmore=\count195
\doublecol@number=\count196
\multicoltolerance=\count197
\multicolpretolerance=\count198
\full@width=\dimen142
\page@free=\dimen143
\premulticols=\dimen144
\postmulticols=\dimen145
\multicolsep=\skip59
\multicolbaselineskip=\skip60
\partial@page=\box52
\last@line=\box53
\maxbalancingoverflow=\dimen146
\mult@rightbox=\box54
\mult@grightbox=\box55
\mult@firstbox=\box56
\mult@gfirstbox=\box57
\@tempa=\box58
\@tempa=\box59
\@tempa=\box60
\@tempa=\box61
\@tempa=\box62
\@tempa=\box63
\@tempa=\box64
\@tempa=\box65
\@tempa=\box66
\@tempa=\box67
\@tempa=\box68
\@tempa=\box69
\@tempa=\box70
\@tempa=\box71
\@tempa=\box72
\@tempa=\box73
\@tempa=\box74
\@tempa=\box75
\@tempa=\box76
\@tempa=\box77
\@tempa=\box78
\@tempa=\box79
\@tempa=\box80
\@tempa=\box81
\@tempa=\box82
\@tempa=\box83
\@tempa=\box84
\@tempa=\box85
\@tempa=\box86
\@tempa=\box87
\@tempa=\box88
\@tempa=\box89
\@tempa=\box90
\@tempa=\box91
\@tempa=\box92
\@tempa=\box93
\c@minrows=\count199
\c@columnbadness=\count266
\c@finalcolumnbadness=\count267
\last@try=\dimen147
\multicolovershoot=\dimen148
\multicolundershoot=\dimen149
\mult@nat@firstbox=\box94
\colbreak@box=\box95
\mc@col@check@num=\count268
)
(e:/WorkWare/texlive/2023/texmf-dist/tex/latex/lastpage/lastpage.sty
Package: lastpage 2023/03/07 v2.0a lastpage: 2.09 or 2e? (HMM)

(e:/WorkWare/texlive/2023/texmf-dist/tex/latex/lastpage/lastpage2e.sty
Package: lastpage2e 2023/03/07 v2.0a Decide which 2e lastpage version to use (H
MM)

(e:/WorkWare/texlive/2023/texmf-dist/tex/latex/lastpage/lastpagemodern.sty
Package: lastpagemodern 2023-03-07 v2.0a Refers to last page's name (HMM; JPG)
) 
)) (e:/WorkWare/texlive/2023/texmf-dist/tex/latex/geometry/geometry.sty
Package: geometry 2020/01/02 v5.9 Page Geometry

(e:/WorkWare/texlive/2023/texmf-dist/tex/latex/graphics/keyval.sty
Package: keyval 2022/05/29 v1.15 key=value parser (DPC)
\KV@toks@=\toks16
)
(e:/WorkWare/texlive/2023/texmf-dist/tex/generic/iftex/ifvtex.sty
Package: ifvtex 2019/10/25 v1.7 ifvtex legacy package. Use iftex instead.

(e:/WorkWare/texlive/2023/texmf-dist/tex/generic/iftex/iftex.sty
Package: iftex 2022/02/03 v1.0f TeX engine tests
))
\Gm@cnth=\count269
\Gm@cntv=\count270
\c@Gm@tempcnt=\count271
\Gm@bindingoffset=\dimen150
\Gm@wd@mp=\dimen151
\Gm@odd@mp=\dimen152
\Gm@even@mp=\dimen153
\Gm@layoutwidth=\dimen154
\Gm@layoutheight=\dimen155
\Gm@layouthoffset=\dimen156
\Gm@layoutvoffset=\dimen157
\Gm@dimlist=\toks17
)
(e:/WorkWare/texlive/2023/texmf-dist/tex/latex/bosisio/graphfig.sty
Package: graphfig 1997/12/15 v2.2 Commands to include graphics files (FB)

(e:/WorkWare/texlive/2023/texmf-dist/tex/latex/graphics/graphics.sty
Package: graphics 2022/03/10 v1.4e Standard LaTeX Graphics (DPC,SPQR)

(e:/WorkWare/texlive/2023/texmf-dist/tex/latex/graphics/trig.sty
Package: trig 2021/08/11 v1.11 sin cos tan (DPC)
)
(e:/WorkWare/texlive/2023/texmf-dist/tex/latex/graphics-cfg/graphics.cfg
File: graphics.cfg 2016/06/04 v1.11 sample graphics configuration
)
Package graphics Info: Driver file: pdftex.def on input line 107.

(e:/WorkWare/texlive/2023/texmf-dist/tex/latex/graphics-def/pdftex.def
File: pdftex.def 2022/09/22 v1.2b Graphics/color driver for pdftex
))
(e:/WorkWare/texlive/2023/texmf-dist/tex/latex/subfigure/subfigure.sty
Package: subfigure 2002/03/15 v2.1.5 subfigure package
\subfigtopskip=\skip61
\subfigcapskip=\skip62
\subfigcaptopadj=\dimen158
\subfigbottomskip=\skip63
\subfigcapmargin=\dimen159
\subfiglabelskip=\skip64
\c@subfigure=\count272
\c@lofdepth=\count273
\c@subtable=\count274
\c@lotdepth=\count275

****************************************
* Local config file subfigure.cfg used *
****************************************
(e:/WorkWare/texlive/2023/texmf-dist/tex/latex/subfigure/subfigure.cfg)
\subfig@top=\skip65
\subfig@bottom=\skip66
)
(e:/WorkWare/texlive/2023/texmf-dist/tex/latex/float/float.sty
Package: float 2001/11/08 v1.3d Float enhancements (AL)
\c@float@type=\count276
\float@exts=\toks18
\float@box=\box96
\@float@everytoks=\toks19
\@floatcapt=\box97
)
\@float@every@figure=\toks20
)
(e:/WorkWare/texlive/2023/texmf-dist/tex/latex/booktabs/booktabs.sty
Package: booktabs 2020/01/12 v1.61803398 Publication quality tables
\heavyrulewidth=\dimen160
\lightrulewidth=\dimen161
\cmidrulewidth=\dimen162
\belowrulesep=\dimen163
\belowbottomsep=\dimen164
\aboverulesep=\dimen165
\abovetopsep=\dimen166
\cmidrulesep=\dimen167
\cmidrulekern=\dimen168
\defaultaddspace=\dimen169
\@cmidla=\count277
\@cmidlb=\count278
\@aboverulesep=\dimen170
\@belowrulesep=\dimen171
\@thisruleclass=\count279
\@lastruleclass=\count280
\@thisrulewidth=\dimen172
)
(e:/WorkWare/texlive/2023/texmf-dist/tex/latex/multirow/multirow.sty
Package: multirow 2021/03/15 v2.8 Span multiple rows of a table
\multirow@colwidth=\skip67
\multirow@cntb=\count281
\multirow@dima=\skip68
\bigstrutjot=\dimen173
)
(e:/WorkWare/texlive/2023/texmf-dist/tex/latex/graphics/graphicx.sty
Package: graphicx 2021/09/16 v1.2d Enhanced LaTeX Graphics (DPC,SPQR)
\Gin@req@height=\dimen174
\Gin@req@width=\dimen175
)
(e:/WorkWare/texlive/2023/texmf-dist/tex/latex/amsmath/amsmath.sty
Package: amsmath 2022/04/08 v2.17n AMS math features
\@mathmargin=\skip69

For additional information on amsmath, use the `?' option.
(e:/WorkWare/texlive/2023/texmf-dist/tex/latex/amsmath/amstext.sty
Package: amstext 2021/08/26 v2.01 AMS text

(e:/WorkWare/texlive/2023/texmf-dist/tex/latex/amsmath/amsgen.sty
File: amsgen.sty 1999/11/30 v2.0 generic functions
\@emptytoks=\toks21
\ex@=\dimen176
))
(e:/WorkWare/texlive/2023/texmf-dist/tex/latex/amsmath/amsbsy.sty
Package: amsbsy 1999/11/29 v1.2d Bold Symbols
\pmbraise@=\dimen177
)
(e:/WorkWare/texlive/2023/texmf-dist/tex/latex/amsmath/amsopn.sty
Package: amsopn 2022/04/08 v2.04 operator names
)
\inf@bad=\count282
LaTeX Info: Redefining \frac on input line 234.
\uproot@=\count283
\leftroot@=\count284
LaTeX Info: Redefining \overline on input line 399.
LaTeX Info: Redefining \colon on input line 410.
\classnum@=\count285
\DOTSCASE@=\count286
LaTeX Info: Redefining \ldots on input line 496.
LaTeX Info: Redefining \dots on input line 499.
LaTeX Info: Redefining \cdots on input line 620.
\Mathstrutbox@=\box98
\strutbox@=\box99
LaTeX Info: Redefining \big on input line 722.
LaTeX Info: Redefining \Big on input line 723.
LaTeX Info: Redefining \bigg on input line 724.
LaTeX Info: Redefining \Bigg on input line 725.
\big@size=\dimen178
LaTeX Font Info:    Redeclaring font encoding OML on input line 743.
LaTeX Font Info:    Redeclaring font encoding OMS on input line 744.
\macc@depth=\count287
LaTeX Info: Redefining \bmod on input line 905.
LaTeX Info: Redefining \pmod on input line 910.
LaTeX Info: Redefining \smash on input line 940.
LaTeX Info: Redefining \relbar on input line 970.
LaTeX Info: Redefining \Relbar on input line 971.
\c@MaxMatrixCols=\count288
\dotsspace@=\muskip16
\c@parentequation=\count289
\dspbrk@lvl=\count290
\tag@help=\toks22
\row@=\count291
\column@=\count292
\maxfields@=\count293
\andhelp@=\toks23
\eqnshift@=\dimen179
\alignsep@=\dimen180
\tagshift@=\dimen181
\tagwidth@=\dimen182
\totwidth@=\dimen183
\lineht@=\dimen184
\@envbody=\toks24
\multlinegap=\skip70
\multlinetaggap=\skip71
\mathdisplay@stack=\toks25
LaTeX Info: Redefining \[ on input line 2953.
LaTeX Info: Redefining \] on input line 2954.
)
(e:/WorkWare/texlive/2023/texmf-dist/tex/latex/l3backend/l3backend-pdftex.def
File: l3backend-pdftex.def 2023-01-16 L3 backend support: PDF output (pdfTeX)
\l__color_backend_stack_int=\count294
\l__pdf_internal_box=\box100
)

LaTeX Warning: Unused global option(s):
    [UTF8].

(./HW_lecture2.aux)
\openout1 = `HW_lecture2.aux'.

LaTeX Font Info:    Checking defaults for OML/cmm/m/it on input line 36.
LaTeX Font Info:    ... okay on input line 36.
LaTeX Font Info:    Checking defaults for OMS/cmsy/m/n on input line 36.
LaTeX Font Info:    ... okay on input line 36.
LaTeX Font Info:    Checking defaults for OT1/cmr/m/n on input line 36.
LaTeX Font Info:    ... okay on input line 36.
LaTeX Font Info:    Checking defaults for T1/cmr/m/n on input line 36.
LaTeX Font Info:    ... okay on input line 36.
LaTeX Font Info:    Checking defaults for TS1/cmr/m/n on input line 36.
LaTeX Font Info:    ... okay on input line 36.
LaTeX Font Info:    Checking defaults for OMX/cmex/m/n on input line 36.
LaTeX Font Info:    ... okay on input line 36.
LaTeX Font Info:    Checking defaults for U/cmr/m/n on input line 36.
LaTeX Font Info:    ... okay on input line 36.

*geometry* driver: auto-detecting
*geometry* detected driver: pdftex
*geometry* verbose mode - [ preamble ] result:
* driver: pdftex
* paper: a4paper
* layout: <same size as paper>
* layoutoffset:(h,v)=(0.0pt,0.0pt)
* modes: 
* h-part:(L,W,R)=(85.35826pt, 404.02907pt, 108.12054pt)
* v-part:(T,H,B)=(71.13188pt, 702.78308pt, 71.13188pt)
* \paperwidth=597.50787pt
* \paperheight=845.04684pt
* \textwidth=404.02907pt
* \textheight=702.78308pt
* \oddsidemargin=13.08827pt
* \evensidemargin=13.08827pt
* \topmargin=-38.1381pt
* \headheight=12.0pt
* \headsep=25.0pt
* \topskip=11.0pt
* \footskip=30.0pt
* \marginparwidth=50.0pt
* \marginparsep=10.0pt
* \columnsep=10.0pt
* \skip\footins=10.0pt plus 4.0pt minus 2.0pt
* \hoffset=0.0pt
* \voffset=0.0pt
* \mag=1000
* \@twocolumnfalse
* \@twosidefalse
* \@mparswitchfalse
* \@reversemarginfalse
* (1in=72.27pt=25.4mm, 1cm=28.453pt)

(e:/WorkWare/texlive/2023/texmf-dist/tex/context/base/mkii/supp-pdf.mkii
[Loading MPS to PDF converter (version 2006.09.02).]
\scratchcounter=\count295
\scratchdimen=\dimen185
\scratchbox=\box101
\nofMPsegments=\count296
\nofMParguments=\count297
\everyMPshowfont=\toks26
\MPscratchCnt=\count298
\MPscratchDim=\dimen186
\MPnumerator=\count299
\makeMPintoPDFobject=\count300
\everyMPtoPDFconversion=\toks27
) (e:/WorkWare/texlive/2023/texmf-dist/tex/latex/epstopdf-pkg/epstopdf-base.sty
Package: epstopdf-base 2020-01-24 v2.11 Base part for package epstopdf
(e:/WorkWare/texlive/2023/texmf-dist/tex/generic/infwarerr/infwarerr.sty
Package: infwarerr 2019/12/03 v1.5 Providing info/warning/error messages (HO)
)
(e:/WorkWare/texlive/2023/texmf-dist/tex/latex/grfext/grfext.sty
Package: grfext 2019/12/03 v1.3 Manage graphics extensions (HO)

(e:/WorkWare/texlive/2023/texmf-dist/tex/generic/kvdefinekeys/kvdefinekeys.sty
Package: kvdefinekeys 2019-12-19 v1.6 Define keys (HO)
)) (e:/WorkWare/texlive/2023/texmf-dist/tex/latex/kvoptions/kvoptions.sty
Package: kvoptions 2022-06-15 v3.15 Key value format for package options (HO)

(e:/WorkWare/texlive/2023/texmf-dist/tex/generic/ltxcmds/ltxcmds.sty
Package: ltxcmds 2020-05-10 v1.25 LaTeX kernel commands for general use (HO)
)
(e:/WorkWare/texlive/2023/texmf-dist/tex/latex/kvsetkeys/kvsetkeys.sty
Package: kvsetkeys 2022-10-05 v1.19 Key value parser (HO)
))
(e:/WorkWare/texlive/2023/texmf-dist/tex/generic/pdftexcmds/pdftexcmds.sty
Package: pdftexcmds 2020-06-27 v0.33 Utility functions of pdfTeX for LuaTeX (HO
)
Package pdftexcmds Info: \pdf@primitive is available.
Package pdftexcmds Info: \pdf@ifprimitive is available.
Package pdftexcmds Info: \pdfdraftmode found.
)
Package epstopdf-base Info: Redefining graphics rule for `.eps' on input line 4
85.
Package grfext Info: Graphics extension search list:
(grfext)             [.pdf,.png,.jpg,.mps,.jpeg,.jbig2,.jb2,.PDF,.PNG,.JPG,.JPE
G,.JBIG2,.JB2,.eps]
(grfext)             \AppendGraphicsExtensions on input line 504.

(e:/WorkWare/texlive/2023/texmf-dist/tex/latex/latexconfig/epstopdf-sys.cfg
File: epstopdf-sys.cfg 2010/07/13 v1.3 Configuration of (r)epstopdf for TeX Liv
e
))
<logo.png, id=1, 129.6042pt x 45.771pt>
File: logo.png Graphic file (type png)
<use logo.png>
Package pdftex.def Info: logo.png  used on input line 74.
(pdftex.def)             Requested size: 64.80193pt x 22.88544pt.


Package fancyhdr Warning: \headheight is too small (12.0pt): 
(fancyhdr)                Make it at least 26.96547pt, for example:
(fancyhdr)                \setlength{\headheight}{26.96547pt}.
(fancyhdr)                You might also make \topmargin smaller to compensate:

(fancyhdr)                \addtolength{\topmargin}{-14.96547pt}.

[1{e:/WorkWare/texlive/2023/texmf-var/fonts/map/pdftex/updmap/pdftex.map}

{e:/WorkWare/texlive/2023/texmf-dist/fonts/enc/dvips/cm-super/cm-super-ts1.enc}
 <./logo.png>]
File: logo.png Graphic file (type png)
<use logo.png>
Package pdftex.def Info: logo.png  used on input line 128.
(pdftex.def)             Requested size: 64.80193pt x 22.88544pt.


Package fancyhdr Warning: \headheight is too small (12.0pt): 
(fancyhdr)                Make it at least 26.96547pt, for example:
(fancyhdr)                \setlength{\headheight}{26.96547pt}.
(fancyhdr)                You might also make \topmargin smaller to compensate:

(fancyhdr)                \addtolength{\topmargin}{-14.96547pt}.

[2]
Overfull \hbox (1.3419pt too wide) in paragraph at lines 156--157
[]\OT1/cmr/m/n/10.95 To es-ti-mate the pa-ram-e-ter,we use Ge-netic Al-go-rithm
(GA) as the op-ti-mal method.
 []

<GA.jpg, id=24, 2700.0875pt x 1928.20375pt>
File: GA.jpg Graphic file (type jpg)
<use GA.jpg>
Package pdftex.def Info: GA.jpg  used on input line 161.
(pdftex.def)             Requested size: 199.16928pt x 142.22586pt.

Overfull \hbox (17.35744pt too wide) in paragraph at lines 161--163
 [][] 
 []

<GA_bi.png, id=25, 509.5035pt x 441.0879pt>
File: GA_bi.png Graphic file (type png)
<use GA_bi.png>
Package pdftex.def Info: GA_bi.png  used on input line 166.
(pdftex.def)             Requested size: 170.71652pt x 147.78723pt.

Overfull \hbox (9.5293pt too wide) in paragraph at lines 178--179
\OT1/cmr/m/n/10.95 ODEs. De-note the av-er-age in-di-vid-u-als as fi-nal re-sul
t: $(\OML/cmm/m/it/10.95 C[]; f; ^^R\OT1/cmr/m/n/10.95 ) = (0\OML/cmm/m/it/10.9
5 :\OT1/cmr/m/n/10.95 359\OML/cmm/m/it/10.95 ; \OT1/cmr/m/n/10.95 0\OML/cmm/m/i
t/10.95 :\OT1/cmr/m/n/10.95 0100\OML/cmm/m/it/10.95 ; \OT1/cmr/m/n/10.95 0\OML/
cmm/m/it/10.95 :\OT1/cmr/m/n/10.95 016)$. 
 []

File: logo.png Graphic file (type png)
<use logo.png>
Package pdftex.def Info: logo.png  used on input line 185.
(pdftex.def)             Requested size: 64.80193pt x 22.88544pt.

Package fancyhdr Warning: \headheight is too small (12.0pt): 
(fancyhdr)                Make it at least 26.96547pt, for example:
(fancyhdr)                \setlength{\headheight}{26.96547pt}.
(fancyhdr)                You might also make \topmargin smaller to compensate:

(fancyhdr)                \addtolength{\topmargin}{-14.96547pt}.

[3 <./GA.jpg> <./GA_bi.png>]
<./figures/v20.png, id=30, 632.3625pt x 594.72188pt>
File: ./figures/v20.png Graphic file (type png)
<use ./figures/v20.png>
Package pdftex.def Info: ./figures/v20.png  used on input line 218.
(pdftex.def)             Requested size: 199.16928pt x 187.31116pt.

Overfull \hbox (17.35744pt too wide) in paragraph at lines 218--220
 [][] 
 []

<./figures/v50.png, id=31, 632.3625pt x 593.96906pt>
File: ./figures/v50.png Graphic file (type png)
<use ./figures/v50.png>
Package pdftex.def Info: ./figures/v50.png  used on input line 223.
(pdftex.def)             Requested size: 199.16928pt x 187.07405pt.

Overfull \hbox (25.48131pt too wide) in paragraph at lines 222--225
[]  [] 
 []

File: logo.png Graphic file (type png)
<use logo.png>
Package pdftex.def Info: logo.png  used on input line 246.
(pdftex.def)             Requested size: 64.80193pt x 22.88544pt.

Package fancyhdr Warning: \headheight is too small (12.0pt): 
(fancyhdr)                Make it at least 26.96547pt, for example:
(fancyhdr)                \setlength{\headheight}{26.96547pt}.
(fancyhdr)                You might also make \topmargin smaller to compensate:

(fancyhdr)                \addtolength{\topmargin}{-14.96547pt}.

[4 <./figures/v20.png (PNG copy)> <./figures/v50.png (PNG copy)>]
File: logo.png Graphic file (type png)
<use logo.png>
Package pdftex.def Info: logo.png  used on input line 289.
(pdftex.def)             Requested size: 64.80193pt x 22.88544pt.


Package fancyhdr Warning: \headheight is too small (12.0pt): 
(fancyhdr)                Make it at least 26.96547pt, for example:
(fancyhdr)                \setlength{\headheight}{26.96547pt}.
(fancyhdr)                You might also make \topmargin smaller to compensate:

(fancyhdr)                \addtolength{\topmargin}{-14.96547pt}.

[5]
Overfull \hbox (32.86415pt too wide) detected at line 325
\OML/cmm/m/it/10.95 x[] \OT1/cmr/m/n/10.95 = []\OML/cmm/m/it/10.95 x[]
 []


Overfull \hbox (32.86415pt too wide) detected at line 329
[] \OT1/cmr/m/n/10.95 = [][]
 []

<./figures/figMs.png, id=38, 632.3625pt x 474.27188pt>
File: ./figures/figMs.png Graphic file (type png)
<use ./figures/figMs.png>
Package pdftex.def Info: ./figures/figMs.png  used on input line 336.
(pdftex.def)             Requested size: 128.0374pt x 96.02505pt.

Overfull \hbox (14.22638pt too wide) in paragraph at lines 336--338
 [][] 
 []

<./figures/figKs.png, id=39, 632.3625pt x 474.27188pt>
File: ./figures/figKs.png Graphic file (type png)
<use ./figures/figKs.png>
Package pdftex.def Info: ./figures/figKs.png  used on input line 341.
(pdftex.def)             Requested size: 128.0374pt x 96.02505pt.

Underfull \hbox (badness 10000) in paragraph at lines 340--343
[]
 []


Overfull \hbox (14.22638pt too wide) in paragraph at lines 340--343
[]
 []

<./figures/figCs.png, id=40, 632.3625pt x 474.27188pt>
File: ./figures/figCs.png Graphic file (type png)
<use ./figures/figCs.png>
Package pdftex.def Info: ./figures/figCs.png  used on input line 346.
(pdftex.def)             Requested size: 128.0374pt x 96.02505pt.

Overfull \hbox (14.22638pt too wide) in paragraph at lines 346--348
 [][] 
 []

File: logo.png Graphic file (type png)
<use logo.png>
Package pdftex.def Info: logo.png  used on input line 350.
(pdftex.def)             Requested size: 64.80193pt x 22.88544pt.

Package fancyhdr Warning: \headheight is too small (12.0pt): 
(fancyhdr)                Make it at least 26.96547pt, for example:
(fancyhdr)                \setlength{\headheight}{26.96547pt}.
(fancyhdr)                You might also make \topmargin smaller to compensate:

(fancyhdr)                \addtolength{\topmargin}{-14.96547pt}.

[6]
<./figures/figA2B_1.png, id=44, 421.575pt x 316.0608pt>
File: ./figures/figA2B_1.png Graphic file (type png)
<use ./figures/figA2B_1.png>
Package pdftex.def Info: ./figures/figA2B_1.png  used on input line 358.
(pdftex.def)             Requested size: 156.49014pt x 117.32166pt.
<./figures/figA2B_2.png, id=45, 421.575pt x 316.0608pt>
File: ./figures/figA2B_2.png Graphic file (type png)
<use ./figures/figA2B_2.png>
Package pdftex.def Info: ./figures/figA2B_2.png  used on input line 362.
(pdftex.def)             Requested size: 156.49014pt x 117.32166pt.
<./figures/figA2B_3.png, id=46, 421.575pt x 316.0608pt>
File: ./figures/figA2B_3.png Graphic file (type png)
<use ./figures/figA2B_3.png>
Package pdftex.def Info: ./figures/figA2B_3.png  used on input line 366.
(pdftex.def)             Requested size: 156.49014pt x 117.32166pt.
<./figures/figA2B_4.png, id=47, 421.575pt x 316.0608pt>
File: ./figures/figA2B_4.png Graphic file (type png)
<use ./figures/figA2B_4.png>
Package pdftex.def Info: ./figures/figA2B_4.png  used on input line 370.
(pdftex.def)             Requested size: 156.49014pt x 117.32166pt.
<./figures/figB2A_1.png, id=48, 421.575pt x 316.0608pt>
File: ./figures/figB2A_1.png Graphic file (type png)
<use ./figures/figB2A_1.png>
Package pdftex.def Info: ./figures/figB2A_1.png  used on input line 378.
(pdftex.def)             Requested size: 156.49014pt x 117.32166pt.
<./figures/figB2A_2.png, id=49, 421.575pt x 316.0608pt>
File: ./figures/figB2A_2.png Graphic file (type png)
<use ./figures/figB2A_2.png>
Package pdftex.def Info: ./figures/figB2A_2.png  used on input line 382.
(pdftex.def)             Requested size: 156.49014pt x 117.32166pt.
<./figures/figB2A_3.png, id=50, 421.575pt x 316.0608pt>
File: ./figures/figB2A_3.png Graphic file (type png)
<use ./figures/figB2A_3.png>
Package pdftex.def Info: ./figures/figB2A_3.png  used on input line 386.
(pdftex.def)             Requested size: 156.49014pt x 117.32166pt.
<./figures/figB2A_4.png, id=51, 421.575pt x 316.0608pt>
File: ./figures/figB2A_4.png Graphic file (type png)
<use ./figures/figB2A_4.png>
Package pdftex.def Info: ./figures/figB2A_4.png  used on input line 390.
(pdftex.def)             Requested size: 156.49014pt x 117.32166pt.
File: logo.png Graphic file (type png)
<use logo.png>
Package pdftex.def Info: logo.png  used on input line 393.
(pdftex.def)             Requested size: 64.80193pt x 22.88544pt.


Package fancyhdr Warning: \headheight is too small (12.0pt): 
(fancyhdr)                Make it at least 26.96547pt, for example:
(fancyhdr)                \setlength{\headheight}{26.96547pt}.
(fancyhdr)                You might also make \topmargin smaller to compensate:

(fancyhdr)                \addtolength{\topmargin}{-14.96547pt}.

[7 <./figures/figMs.png (PNG copy)> <./figures/figKs.png (PNG copy)> <./figures
/figCs.png (PNG copy)> <./figures/figA2B_1.png (PNG copy)> <./figures/figA2B_2.
png (PNG copy)> <./figures/figA2B_3.png (PNG copy)> <./figures/figA2B_4.png (PN
G copy)>]
<./figures/figu-nf-dr.png, id=57, 421.575pt x 316.3017pt>
File: ./figures/figu-nf-dr.png Graphic file (type png)
<use ./figures/figu-nf-dr.png>
Package pdftex.def Info: ./figures/figu-nf-dr.png  used on input line 398.
(pdftex.def)             Requested size: 128.0374pt x 96.06404pt.
<./figures/figI-nf-dr.png, id=58, 421.575pt x 316.3017pt>
File: ./figures/figI-nf-dr.png Graphic file (type png)
<use ./figures/figI-nf-dr.png>
Package pdftex.def Info: ./figures/figI-nf-dr.png  used on input line 403.
(pdftex.def)             Requested size: 128.0374pt x 96.06404pt.

Underfull \hbox (badness 10000) in paragraph at lines 402--405
[]
 []

<./figures/figk1-nf-dr.png, id=59, 421.575pt x 316.3017pt>
File: ./figures/figk1-nf-dr.png Graphic file (type png)
<use ./figures/figk1-nf-dr.png>
Package pdftex.def Info: ./figures/figk1-nf-dr.png  used on input line 408.
(pdftex.def)             Requested size: 128.0374pt x 96.06404pt.
File: logo.png Graphic file (type png)
<use logo.png>
Package pdftex.def Info: logo.png  used on input line 414.
(pdftex.def)             Requested size: 64.80193pt x 22.88544pt.

Package fancyhdr Warning: \headheight is too small (12.0pt): 
(fancyhdr)                Make it at least 26.96547pt, for example:
(fancyhdr)                \setlength{\headheight}{26.96547pt}.
(fancyhdr)                You might also make \topmargin smaller to compensate:

(fancyhdr)                \addtolength{\topmargin}{-14.96547pt}.

[8 <./figures/figB2A_1.png (PNG copy)> <./figures/figB2A_2.png (PNG copy)> <./f
igures/figB2A_3.png (PNG copy)> <./figures/figB2A_4.png (PNG copy)> <./figures/
figu-nf-dr.png (PNG copy)> <./figures/figI-nf-dr.png (PNG copy)> <./figures/fig
k1-nf-dr.png (PNG copy)>]

enddocument/afterlastpage: lastpage setting LastPage.
(./HW_lecture2.aux) ) 
Here is how much of TeX's memory you used:
 4171 strings out of 476025
 70535 string characters out of 5789524
 1870382 words of memory out of 5000000
 24540 multiletter control sequences out of 15000+600000
 519302 words of font info for 56 fonts, out of 8000000 for 9000
 1141 hyphenation exceptions out of 8191
 62i,16n,67p,513b,476s stack positions out of 10000i,1000n,20000p,200000b,200000s
<e:/WorkWare/texlive/2023/texmf-dist/fonts/type1/public/am
sfonts/cm/cmbx12.pfb><e:/WorkWare/texlive/2023/texmf-dist/fonts/type1/public/am
sfonts/cm/cmex10.pfb><e:/WorkWare/texlive/2023/texmf-dist/fonts/type1/public/am
sfonts/cm/cmmi10.pfb><e:/WorkWare/texlive/2023/texmf-dist/fonts/type1/public/am
sfonts/cm/cmmi6.pfb><e:/WorkWare/texlive/2023/texmf-dist/fonts/type1/public/ams
fonts/cm/cmmi8.pfb><e:/WorkWare/texlive/2023/texmf-dist/fonts/type1/public/amsf
onts/cm/cmr10.pfb><e:/WorkWare/texlive/2023/texmf-dist/fonts/type1/public/amsfo
nts/cm/cmr12.pfb><e:/WorkWare/texlive/2023/texmf-dist/fonts/type1/public/amsfon
ts/cm/cmr6.pfb><e:/WorkWare/texlive/2023/texmf-dist/fonts/type1/public/amsfonts
/cm/cmr8.pfb><e:/WorkWare/texlive/2023/texmf-dist/fonts/type1/public/amsfonts/c
m/cmr9.pfb><e:/WorkWare/texlive/2023/texmf-dist/fonts/type1/public/amsfonts/cm/
cmsy10.pfb><e:/WorkWare/texlive/2023/texmf-dist/fonts/type1/public/amsfonts/cm/
cmsy8.pfb><e:/WorkWare/texlive/2023/texmf-dist/fonts/type1/public/cm-super/sfrm
1095.pfb>
Output written on HW_lecture2.pdf (8 pages, 1856570 bytes).
PDF statistics:
 119 PDF objects out of 1000 (max. 8388607)
 61 compressed objects within 1 object stream
 0 named destinations out of 1000 (max. 500000)
 96 words of extra memory for PDF output out of 10000 (max. 10000000)

